Arguments: 
  C:\Program Files\nodejs\node.exe C:\Program Files (x86)\Yarn\bin\yarn.js add mongoose

PATH: 
  C:\Users\aru_h\bin;C:\Program Files\Git\mingw64\bin;C:\Program Files\Git\usr\local\bin;C:\Program Files\Git\usr\bin;C:\Program Files\Git\usr\bin;C:\Program Files\Git\mingw64\bin;C:\Program Files\Git\usr\bin;C:\Users\aru_h\bin;C:\Program Files\Common Files\Oracle\Java\javapath;C:\Windows\system32;C:\Windows;C:\Windows\System32\Wbem;C:\Windows\System32\WindowsPowerShell\v1.0;C:\Windows\System32\OpenSSH;%NVM_HOME%;%NVM_SYMLINK%;C:\Program Files\nodejs;C:\Program Files\Git\cmd;C:\Program Files (x86)\Yarn\bin;C:\Program Files\MySQL\MySQL Shell 8.0\bin;C:\Users\aru_h\AppData\Local\Microsoft\WindowsApps;C:\Users\aru_h\AppData\Local\Programs\Microsoft VS Code\bin;C:\Users\aru_h\AppData\Roaming\nvm;C:\Program Files\nodejs;C:\Users\aru_h\AppData\Roaming\npm;C:\Users\aru_h\AppData\Local\Yarn\bin;C:\Program Files\Git\usr\bin\vendor_perl;C:\Program Files\Git\usr\bin\core_perl

Yarn version: 
  1.22.19

Node version: 
  20.0.0

Platform: 
  win32 x64

Trace: 
  Error [ERR_SOCKET_CONNECTION_TIMEOUT]: Socket connection timeout
      at new NodeError (node:internal/errors:399:5)
      at internalConnectMultiple (node:net:1098:20)
      at Timeout.internalConnectMultipleTimeout (node:net:1637:3)
      at listOnTimeout (node:internal/timers:575:11)
      at process.processTimers (node:internal/timers:514:7)

npm manifest: 
  {
    "name": "university-management-auth-service",
    "version": "1.0.0",
    "main": "src/server.ts",
    "license": "MIT",
    "author": "arman hossain",
    "devDependencies": {
      "typescript": "^5.4.5"
    }
  }

yarn manifest: 
  No manifest

Lockfile: 
  # THIS IS AN AUTOGENERATED FILE. DO NOT EDIT THIS FILE DIRECTLY.
  # yarn lockfile v1
  
  
  typescript@^5.4.5:
    version "5.4.5"
    resolved "https://registry.yarnpkg.com/typescript/-/typescript-5.4.5.tgz#42ccef2c571fdbd0f6718b1d1f5e6e5ef006f611"
    integrity sha512-vcI4UpRgg81oIRUFwR0WSIHKt11nJ7SAVlYNIu+QpqeyXP+gpQJy/Z4+F0aGxSE4MqwjyXvW/TzgkLAx2AGHwQ==
